c:\users\alexior\source\repos\urbantraffic\urbantraffic\x64\debug\vc143.pdb
c:\users\alexior\source\repos\urbantraffic\urbantraffic\x64\debug\vc143.idb
c:\users\alexior\source\repos\urbantraffic\urbantraffic\x64\debug\render.obj
c:\users\alexior\source\repos\urbantraffic\urbantraffic\x64\debug\city.obj
c:\users\alexior\source\repos\urbantraffic\urbantraffic\x64\debug\car.obj
c:\users\alexior\source\repos\urbantraffic\urbantraffic\x64\debug\graph.obj
c:\users\alexior\source\repos\urbantraffic\urbantraffic\x64\debug\cars.obj
c:\users\alexior\source\repos\urbantraffic\urbantraffic\x64\debug\utils.obj
c:\users\alexior\source\repos\urbantraffic\urbantraffic\x64\debug\main.obj
c:\users\alexior\source\repos\urbantraffic\x64\debug\urbantraffic.exe
c:\users\alexior\source\repos\urbantraffic\x64\debug\urbantraffic.pdb
c:\users\alexior\source\repos\urbantraffic\urbantraffic\x64\debug\urbantraffic.ilk
c:\users\alexior\source\repos\urbantraffic\urbantraffic\x64\debug\urbantraffic.obj
c:\users\alexior\source\repos\urbantraffic\urbantraffic\x64\debug\nativecodeanalysis.read.1.tlog
c:\users\alexior\source\repos\urbantraffic\urbantraffic\x64\debug\urbantraffic.nativecodeanalysis.xml
c:\users\alexior\source\repos\urbantraffic\urbantraffic\x64\debug\vc.nativecodeanalysis.all.xml
c:\users\alexior\source\repos\urbantraffic\urbantraffic\x64\debug\urbantraffic.tlog\cl.command.1.tlog
c:\users\alexior\source\repos\urbantraffic\urbantraffic\x64\debug\urbantraffic.tlog\cl.items.tlog
c:\users\alexior\source\repos\urbantraffic\urbantraffic\x64\debug\urbantraffic.tlog\cl.read.1.tlog
c:\users\alexior\source\repos\urbantraffic\urbantraffic\x64\debug\urbantraffic.tlog\cl.write.1.tlog
c:\users\alexior\source\repos\urbantraffic\urbantraffic\x64\debug\urbantraffic.tlog\link.command.1.tlog
c:\users\alexior\source\repos\urbantraffic\urbantraffic\x64\debug\urbantraffic.tlog\link.read.1.tlog
c:\users\alexior\source\repos\urbantraffic\urbantraffic\x64\debug\urbantraffic.tlog\link.secondary.1.tlog
c:\users\alexior\source\repos\urbantraffic\urbantraffic\x64\debug\urbantraffic.tlog\link.write.1.tlog
